??:??:?? **** Incremental Build of configuration Debug for project Slave ****
make all 
Building file: ../MCAL/SPI/spi.c
Invoking: AVR Compiler
avr-gcc -Wall -g2 -gstabs -O0 -fpack-struct -fshort-enums -ffunction-sections -fdata-sections -std=gnu99 -funsigned-char -funsigned-bitfields -mmcu=atmega32 -DF_CPU=1000000UL -MMD -MP -MF"MCAL/SPI/spi.d" -MT"MCAL/SPI/spi.o" -c -o "MCAL/SPI/spi.o" "../MCAL/SPI/spi.c"
In file included from ../MCAL/SPI/spi.h:12,
                 from ../MCAL/SPI/spi.c:8:
../MCAL/SPI/../../micro_config.h:14:28: warning: ./MCAL/DIO/DIO.h: No such file or directory
Finished building: ../MCAL/SPI/spi.c
 
Building file: ../APP/slave.c
Invoking: AVR Compiler
avr-gcc -Wall -g2 -gstabs -O0 -fpack-struct -fshort-enums -ffunction-sections -fdata-sections -std=gnu99 -funsigned-char -funsigned-bitfields -mmcu=atmega32 -DF_CPU=1000000UL -MMD -MP -MF"APP/slave.d" -MT"APP/slave.o" -c -o "APP/slave.o" "../APP/slave.c"
In file included from ../APP/../MCAL/SPI/spi.h:12,
                 from ../APP/slave.c:11:
../APP/../MCAL/SPI/../../micro_config.h:14:28: warning: ./MCAL/DIO/DIO.h: No such file or directory
Finished building: ../APP/slave.c
 
Building target: Slave.elf
Invoking: AVR C Linker
avr-gcc -Wl,-Map,Slave.map -mmcu=atmega32 -o "Slave.elf"  ./MCAL/SPI/spi.o  ./MCAL/DIO/DIO.o  ./APP/slave.o   
Finished building target: Slave.elf
 
Invoking: AVR Create Extended Listing
avr-objdump -h -S Slave.elf  >"Slave.lss"
Finished building: Slave.lss
 
Invoking: Print Size
avr-size --format=avr --mcu=atmega32 Slave.elf
AVR Memory Usage
----------------
Device: atmega32

Program:    2762 bytes (8.4% Full)
(.text + .data + .bootloader)

Data:          0 bytes (0.0% Full)
(.data + .bss + .noinit)


Finished building: sizedummy
 

??:??:?? Build Finished. 0 errors, 2 warnings. (took 455ms)

